/share/Download/[HorribleSubs] Bubuki Buranki - 02 [720p].mkv -> ffmpeg error code: -11
/share/Download/[HorribleSubs] Grisaia no (Kajitsu + Meikyuu + Rakuen) [720p]/season 1/[HorribleSubs] Grisaia no Kajitsu - 11 [720p].mkv -> ffmpeg error code: -11
/share/Download/[HorribleSubs] Grisaia no (Kajitsu + Meikyuu + Rakuen) [720p]/season 2/[HorribleSubs] Grisaia no Rakuen - 04 [720p].mkv -> ffmpeg error code: -11
/share/Download/[HorribleSubs] Seiken Tsukai no World Break [720p]/[HorribleSubs] Seiken Tsukai no World Break - 03 [720p].mkv -> ffmpeg error code: -11
/share/Download/Marvels.Agent.Carter.S02E03.720p.HDTV.x264-AVS[ettv]/Marvels.Agent.Carter.S02E03.720p.HDTV.x264-AVS[ettv].mkv -> ffmpeg error code: 255
/share/Download/Marvels.Agent.Carter.S02E03.720p.HDTV.x264-AVS[ettv]/Marvels.Agent.Carter.S02E03.720p.HDTV.x264-AVS[ettv].mkv -> ffmpeg error code: 255
/share/Download/[HorribleSubs] Tokyo Ghoul Root A (01-12) [720p] (Batch)/[HorribleSubs] Tokyo Ghoul Root A - 03 [720p].mkv -> ffmpeg error code: 1
/share/Download/[HorribleSubs] Bubuki Buranki - 02 [720p].mkv -> ffmpeg error code: -11
/share/Download/[HorribleSubs] Bubuki Buranki - 03 [720p].mkv -> ffmpeg error code: -11
/share/Download/[HorribleSubs] Bubuki Buranki - 04 [720p].mkv -> ffmpeg error code: -11
/share/Download/[HorribleSubs] Bubuki Buranki - 05 [720p].mkv -> ffmpeg error code: -11
/share/Download/[HorribleSubs] Bubuki Buranki - 02 [720p].mkv -> ffmpeg error code: -11
/share/Download/[HorribleSubs] Bubuki Buranki - 03 [720p].mkv -> ffmpeg error code: -11
/share/Download/[HorribleSubs] Bubuki Buranki - 04 [720p].mkv -> ffmpeg error code: -11
/share/Download/[HorribleSubs] Bubuki Buranki - 05 [720p].mkv -> ffmpeg error code: -11
/share/Download/[HorribleSubs] Bubuki Buranki - 02 [720p].mkv -> ffmpeg error code: -11
/share/Download/[HorribleSubs] Bubuki Buranki - 03 [720p].mkv -> ffmpeg error code: -11
/share/Download/[HorribleSubs] Bubuki Buranki - 04 [720p].mkv -> ffmpeg error code: -11
/share/Download/[HorribleSubs] Bubuki Buranki - 05 [720p].mkv -> ffmpeg error code: -11
/share/Download/[HorribleSubs] Bubuki Buranki - 02 [720p].mkv -> ffmpeg error code: -11
/share/Download/[HorribleSubs] Bubuki Buranki - 03 [720p].mkv -> ffmpeg error code: -11
/share/Download/[HorribleSubs] Bubuki Buranki - 04 [720p].mkv -> ffmpeg error code: -11
/share/Download/[HorribleSubs] Bubuki Buranki - 05 [720p].mkv -> ffmpeg error code: -11
/share/Download/[HorribleSubs] Bubuki Buranki - 06 [720p].mkv -> ffmpeg error code: -11
/share/Download/[HorribleSubs] Bubuki Buranki - 07 [720p].mkv -> ffmpeg error code: -11
/share/Download/[HorribleSubs] Bubuki Buranki - 07 [720p].mkv -> ffmpeg error code: -11
/share/Download/[HorribleSubs] Bubuki Buranki - 07 [720p].mkv -> ffmpeg error code: -11
/share/Download/[HorribleSubs] Bubuki Buranki - 07 [720p].mkv -> ffmpeg error code: -11
/share/Download/[HorribleSubs] Hai to Gensou no Grimgar - 08 [720p].mkv -> ffmpeg error code: 125
/share/Download/[HorribleSubs] Bubuki Buranki - 08 [720p].mkv -> ffmpeg error code: 125
/share/Download/UFC Fight Night 84 WEBRip x264-jkkk/UFC.Fight.Night.84.WEBRip.x264-jkkk.mp4 -> ffmpeg error code: 125
/share/Download/[AnimeNOW] Ookami Kodomo no Ame to Yuki (BD 1280x720 10-bit x264 AAC) [6ABB496D].mkv -> ffmpeg error code: 1
nice -n 8 ffmpeg -i "/share/Download/[AnimeNOW] Ookami Kodomo no Ame to Yuki (BD 1280x720 10-bit x264 AAC) [6ABB496D].mkv" -map 0:0 -vcodec copy -map 0:1 -acodec copy -map 0:2 -scodec copy -map_metadata -1 "/share/Public/3727.mp4"
/share/Download/[HorribleSubs] Bubuki Buranki - 02 [720p].mkv -> ffmpeg error code: -11
nice -n 8 ffmpeg -i "/share/Download/[HorribleSubs] Bubuki Buranki - 02 [720p].mkv" -map 0:0 -vcodec copy -map 0:1 -acodec copy -map 0:2 -scodec mov_text -map_metadata -1 "/share/Public/2369.mp4"
/share/Download/[HorribleSubs] Bubuki Buranki - 03 [720p].mkv -> ffmpeg error code: -11
nice -n 8 ffmpeg -i "/share/Download/[HorribleSubs] Bubuki Buranki - 03 [720p].mkv" -map 0:0 -vcodec copy -map 0:1 -acodec copy -map 0:2 -scodec mov_text -map_metadata -1 "/share/Public/3791.mp4"
/share/Download/[HorribleSubs] Bubuki Buranki - 04 [720p].mkv -> ffmpeg error code: -11
nice -n 8 ffmpeg -i "/share/Download/[HorribleSubs] Bubuki Buranki - 04 [720p].mkv" -map 0:0 -vcodec copy -map 0:1 -acodec copy -map 0:2 -scodec mov_text -map_metadata -1 "/share/Public/3202.mp4"
/share/Download/[HorribleSubs] Bubuki Buranki - 05 [720p].mkv -> ffmpeg error code: -11
nice -n 8 ffmpeg -i "/share/Download/[HorribleSubs] Bubuki Buranki - 05 [720p].mkv" -map 0:0 -vcodec copy -map 0:1 -acodec copy -map 0:2 -scodec mov_text -map_metadata -1 "/share/Public/137.mp4"
/share/Download/[HorribleSubs] Bubuki Buranki - 06 [720p].mkv -> ffmpeg error code: -11
nice -n 8 ffmpeg -i "/share/Download/[HorribleSubs] Bubuki Buranki - 06 [720p].mkv" -map 0:0 -vcodec copy -map 0:1 -acodec copy -map 0:2 -scodec mov_text -map_metadata -1 "/share/Public/347.mp4"
/share/Download/[HorribleSubs] Bubuki Buranki - 07 [720p].mkv -> ffmpeg error code: -11
nice -n 8 ffmpeg -i "/share/Download/[HorribleSubs] Bubuki Buranki - 07 [720p].mkv" -map 0:0 -vcodec copy -map 0:1 -acodec copy -map 0:2 -scodec mov_text -map_metadata -1 "/share/Public/2650.mp4"
/share/Download/[HorribleSubs] Bubuki Buranki - 08 [720p].mkv -> ffmpeg error code: -11
nice -n 8 ffmpeg -i "/share/Download/[HorribleSubs] Bubuki Buranki - 08 [720p].mkv" -map 0:0 -vcodec copy -map 0:1 -acodec copy -map 0:2 -scodec mov_text -map_metadata -1 "/share/Public/1717.mp4"
/share/Download/[HorribleSubs] Bubuki Buranki - 02 [720p].mkv -> ffmpeg error code: -11
nice -n 8 ffmpeg -i "/share/Download/[HorribleSubs] Bubuki Buranki - 02 [720p].mkv" -map 0:0 -vcodec copy -map 0:1 -acodec copy -map 0:2 -scodec mov_text -map_metadata -1 "/share/Public/1611.mp4"
/share/Download/[HorribleSubs] Bubuki Buranki - 02 [720p].mkv -> ffmpeg error code: -11
nice -n 8 ffmpeg -i "/share/Download/[HorribleSubs] Bubuki Buranki - 02 [720p].mkv" -map 0:0 -map 0:1 -profile main -level 3.1 -map 0:2 -scodec mov_text -map_metadata -1 "/share/Public/279.mp4"
/share/Download/[HorribleSubs] Bubuki Buranki - 03 [720p].mkv -> ffmpeg error code: -11
nice -n 8 ffmpeg -i "/share/Download/[HorribleSubs] Bubuki Buranki - 03 [720p].mkv" -map 0:0 -vcodec copy -map 0:1 -acodec copy -map 0:2 -scodec mov_text -map_metadata -1 "/share/Public/4502.mp4"
/share/Download/[HorribleSubs] Bubuki Buranki - 03 [720p].mkv -> ffmpeg error code: -11
nice -n 8 ffmpeg -i "/share/Download/[HorribleSubs] Bubuki Buranki - 03 [720p].mkv" -map 0:0 -map 0:1 -profile main -level 3.1 -map 0:2 -scodec mov_text -map_metadata -1 "/share/Public/1527.mp4"
/share/Download/[HorribleSubs] Bubuki Buranki - 04 [720p].mkv -> ffmpeg error code: -11
nice -n 8 ffmpeg -i "/share/Download/[HorribleSubs] Bubuki Buranki - 04 [720p].mkv" -map 0:0 -vcodec copy -map 0:1 -acodec copy -map 0:2 -scodec mov_text -map_metadata -1 "/share/Public/3022.mp4"
/share/Download/[HorribleSubs] Bubuki Buranki - 04 [720p].mkv -> ffmpeg error code: -11
nice -n 8 ffmpeg -i "/share/Download/[HorribleSubs] Bubuki Buranki - 04 [720p].mkv" -map 0:0 -map 0:1 -profile main -level 3.1 -map 0:2 -scodec mov_text -map_metadata -1 "/share/Public/4940.mp4"
/share/Download/[HorribleSubs] Bubuki Buranki - 05 [720p].mkv -> ffmpeg error code: -11
nice -n 8 ffmpeg -i "/share/Download/[HorribleSubs] Bubuki Buranki - 05 [720p].mkv" -map 0:0 -vcodec copy -map 0:1 -acodec copy -map 0:2 -scodec mov_text -map_metadata -1 "/share/Public/682.mp4"
/share/Download/[HorribleSubs] Bubuki Buranki - 05 [720p].mkv -> ffmpeg error code: -11
nice -n 8 ffmpeg -i "/share/Download/[HorribleSubs] Bubuki Buranki - 05 [720p].mkv" -map 0:0 -map 0:1 -profile main -level 3.1 -map 0:2 -scodec mov_text -map_metadata -1 "/share/Public/4258.mp4"
/share/Download/[HorribleSubs] Bubuki Buranki - 06 [720p].mkv -> ffmpeg error code: -11
nice -n 8 ffmpeg -i "/share/Download/[HorribleSubs] Bubuki Buranki - 06 [720p].mkv" -map 0:0 -vcodec copy -map 0:1 -acodec copy -map 0:2 -scodec mov_text -map_metadata -1 "/share/Public/2976.mp4"
/share/Download/[HorribleSubs] Bubuki Buranki - 06 [720p].mkv -> ffmpeg error code: -11
nice -n 8 ffmpeg -i "/share/Download/[HorribleSubs] Bubuki Buranki - 06 [720p].mkv" -map 0:0 -map 0:1 -profile main -level 3.1 -map 0:2 -scodec mov_text -map_metadata -1 "/share/Public/781.mp4"
/share/Download/[HorribleSubs] Bubuki Buranki - 07 [720p].mkv -> ffmpeg error code: -11
nice -n 8 ffmpeg -i "/share/Download/[HorribleSubs] Bubuki Buranki - 07 [720p].mkv" -map 0:0 -vcodec copy -map 0:1 -acodec copy -map 0:2 -scodec mov_text -map_metadata -1 "/share/Public/2541.mp4"
/share/Download/[HorribleSubs] Bubuki Buranki - 07 [720p].mkv -> ffmpeg error code: -11
nice -n 8 ffmpeg -i "/share/Download/[HorribleSubs] Bubuki Buranki - 07 [720p].mkv" -map 0:0 -map 0:1 -profile main -level 3.1 -map 0:2 -scodec mov_text -map_metadata -1 "/share/Public/4375.mp4"
/share/Download/[HorribleSubs] Bubuki Buranki - 08 [720p].mkv -> ffmpeg error code: -11
nice -n 8 ffmpeg -i "/share/Download/[HorribleSubs] Bubuki Buranki - 08 [720p].mkv" -map 0:0 -vcodec copy -map 0:1 -acodec copy -map 0:2 -scodec mov_text -map_metadata -1 "/share/Public/2909.mp4"
/share/Download/[HorribleSubs] Bubuki Buranki - 08 [720p].mkv -> ffmpeg error code: -11
nice -n 8 ffmpeg -i "/share/Download/[HorribleSubs] Bubuki Buranki - 08 [720p].mkv" -map 0:0 -map 0:1 -profile main -level 3.1 -map 0:2 -scodec mov_text -map_metadata -1 "/share/Public/1321.mp4"
/share/Download/[HorribleSubs] Bubuki Buranki - 02 [720p].mkv -> ffmpeg error code: -11
nice -n 8 ffmpeg -i "/share/Download/[HorribleSubs] Bubuki Buranki - 02 [720p].mkv" -map 0:0 -vcodec copy -map 0:1 -acodec copy -map 0:2 -scodec mov_text -map_metadata -1 "/share/Public/1954.mp4"
/share/Download/[HorribleSubs] Bubuki Buranki - 02 [720p].mkv -> ffmpeg error code: -11
nice -n 8 ffmpeg -i "/share/Download/[HorribleSubs] Bubuki Buranki - 02 [720p].mkv" -map 0:0 -map 0:1 -profile main -level 3.1 -map 0:2 -scodec mov_text -map_metadata -1 "/share/Public/2291.mp4"
/share/Download/[HorribleSubs] Bubuki Buranki - 03 [720p].mkv -> ffmpeg error code: -11
nice -n 8 ffmpeg -i "/share/Download/[HorribleSubs] Bubuki Buranki - 03 [720p].mkv" -map 0:0 -vcodec copy -map 0:1 -acodec copy -map 0:2 -scodec mov_text -map_metadata -1 "/share/Public/3568.mp4"
/share/Download/[HorribleSubs] Bubuki Buranki - 03 [720p].mkv -> ffmpeg error code: -11
nice -n 8 ffmpeg -i "/share/Download/[HorribleSubs] Bubuki Buranki - 03 [720p].mkv" -map 0:0 -map 0:1 -profile main -level 3.1 -map 0:2 -scodec mov_text -map_metadata -1 "/share/Public/497.mp4"
/share/Download/[HorribleSubs] Bubuki Buranki - 04 [720p].mkv -> ffmpeg error code: -11
nice -n 8 ffmpeg -i "/share/Download/[HorribleSubs] Bubuki Buranki - 04 [720p].mkv" -map 0:0 -vcodec copy -map 0:1 -acodec copy -map 0:2 -scodec mov_text -map_metadata -1 "/share/Public/2306.mp4"
/share/Download/[HorribleSubs] Bubuki Buranki - 04 [720p].mkv -> ffmpeg error code: -11
nice -n 8 ffmpeg -i "/share/Download/[HorribleSubs] Bubuki Buranki - 04 [720p].mkv" -map 0:0 -map 0:1 -profile main -level 3.1 -map 0:2 -scodec mov_text -map_metadata -1 "/share/Public/1141.mp4"
/share/Download/[HorribleSubs] Bubuki Buranki - 05 [720p].mkv -> ffmpeg error code: -11
nice -n 8 ffmpeg -i "/share/Download/[HorribleSubs] Bubuki Buranki - 05 [720p].mkv" -map 0:0 -vcodec copy -map 0:1 -acodec copy -map 0:2 -scodec mov_text -map_metadata -1 "/share/Public/3554.mp4"
/share/Download/[HorribleSubs] Bubuki Buranki - 05 [720p].mkv -> ffmpeg error code: -11
nice -n 8 ffmpeg -i "/share/Download/[HorribleSubs] Bubuki Buranki - 05 [720p].mkv" -map 0:0 -map 0:1 -profile main -level 3.1 -map 0:2 -scodec mov_text -map_metadata -1 "/share/Public/872.mp4"
/share/Download/[HorribleSubs] Bubuki Buranki - 06 [720p].mkv -> ffmpeg error code: -11
nice -n 8 ffmpeg -i "/share/Download/[HorribleSubs] Bubuki Buranki - 06 [720p].mkv" -map 0:0 -vcodec copy -map 0:1 -acodec copy -map 0:2 -scodec mov_text -map_metadata -1 "/share/Public/2929.mp4"
/share/Download/[HorribleSubs] Bubuki Buranki - 06 [720p].mkv -> ffmpeg error code: -11
nice -n 8 ffmpeg -i "/share/Download/[HorribleSubs] Bubuki Buranki - 06 [720p].mkv" -map 0:0 -map 0:1 -profile main -level 3.1 -map 0:2 -scodec mov_text -map_metadata -1 "/share/Public/4150.mp4"
/share/Download/[HorribleSubs] Bubuki Buranki - 07 [720p].mkv -> ffmpeg error code: -11
nice -n 8 ffmpeg -i "/share/Download/[HorribleSubs] Bubuki Buranki - 07 [720p].mkv" -map 0:0 -vcodec copy -map 0:1 -acodec copy -map 0:2 -scodec mov_text -map_metadata -1 "/share/Public/3418.mp4"
/share/Download/[HorribleSubs] Bubuki Buranki - 07 [720p].mkv -> ffmpeg error code: -11
nice -n 8 ffmpeg -i "/share/Download/[HorribleSubs] Bubuki Buranki - 07 [720p].mkv" -map 0:0 -map 0:1 -profile main -level 3.1 -map 0:2 -scodec mov_text -map_metadata -1 "/share/Public/3947.mp4"
/share/Download/[HorribleSubs] Bubuki Buranki - 08 [720p].mkv -> ffmpeg error code: -11
nice -n 8 ffmpeg -i "/share/Download/[HorribleSubs] Bubuki Buranki - 08 [720p].mkv" -map 0:0 -vcodec copy -map 0:1 -acodec copy -map 0:2 -scodec mov_text -map_metadata -1 "/share/Public/412.mp4"
/share/Download/[HorribleSubs] Bubuki Buranki - 08 [720p].mkv -> ffmpeg error code: -11
nice -n 8 ffmpeg -i "/share/Download/[HorribleSubs] Bubuki Buranki - 08 [720p].mkv" -map 0:0 -map 0:1 -profile main -level 3.1 -map 0:2 -scodec mov_text -map_metadata -1 "/share/Public/595.mp4"
/share/Download/[HorribleSubs] Bubuki Buranki - 02 [720p].mkv -> ffmpeg error code: -11
nice -n 8 ffmpeg -i "/share/Download/[HorribleSubs] Bubuki Buranki - 02 [720p].mkv" -map 0:0 -vcodec copy -map 0:1 -acodec copy -map 0:2 -scodec mov_text -map_metadata -1 "/share/Public/4457.mp4"
/share/Download/[HorribleSubs] Bubuki Buranki - 02 [720p].mkv -> ffmpeg error code: -11
nice -n 8 ffmpeg -i "/share/Download/[HorribleSubs] Bubuki Buranki - 02 [720p].mkv" -map 0:0 -map 0:1 -profile main -level 3.1 -map 0:2 -scodec mov_text -map_metadata -1 "/share/Public/326.mp4"
/share/Download/[HorribleSubs] Bubuki Buranki - 03 [720p].mkv -> ffmpeg error code: -11
nice -n 8 ffmpeg -i "/share/Download/[HorribleSubs] Bubuki Buranki - 03 [720p].mkv" -map 0:0 -vcodec copy -map 0:1 -acodec copy -map 0:2 -scodec mov_text -map_metadata -1 "/share/Public/2169.mp4"
/share/Download/[HorribleSubs] Bubuki Buranki - 03 [720p].mkv -> ffmpeg error code: -11
nice -n 8 ffmpeg -i "/share/Download/[HorribleSubs] Bubuki Buranki - 03 [720p].mkv" -map 0:0 -map 0:1 -profile main -level 3.1 -map 0:2 -scodec mov_text -map_metadata -1 "/share/Public/4990.mp4"
/share/Download/[HorribleSubs] Bubuki Buranki - 04 [720p].mkv -> ffmpeg error code: -11
nice -n 8 ffmpeg -i "/share/Download/[HorribleSubs] Bubuki Buranki - 04 [720p].mkv" -map 0:0 -vcodec copy -map 0:1 -acodec copy -map 0:2 -scodec mov_text -map_metadata -1 "/share/Public/4163.mp4"
/share/Download/[HorribleSubs] Bubuki Buranki - 04 [720p].mkv -> ffmpeg error code: -11
nice -n 8 ffmpeg -i "/share/Download/[HorribleSubs] Bubuki Buranki - 04 [720p].mkv" -map 0:0 -map 0:1 -profile main -level 3.1 -map 0:2 -scodec mov_text -map_metadata -1 "/share/Public/3871.mp4"
/share/Download/[HorribleSubs] Bubuki Buranki - 05 [720p].mkv -> ffmpeg error code: -11
nice -n 8 ffmpeg -i "/share/Download/[HorribleSubs] Bubuki Buranki - 05 [720p].mkv" -map 0:0 -vcodec copy -map 0:1 -acodec copy -map 0:2 -scodec mov_text -map_metadata -1 "/share/Public/4115.mp4"
/share/Download/[HorribleSubs] Bubuki Buranki - 05 [720p].mkv -> ffmpeg error code: -11
nice -n 8 ffmpeg -i "/share/Download/[HorribleSubs] Bubuki Buranki - 05 [720p].mkv" -map 0:0 -map 0:1 -profile main -level 3.1 -map 0:2 -scodec mov_text -map_metadata -1 "/share/Public/1048.mp4"
/share/Download/[HorribleSubs] Bubuki Buranki - 06 [720p].mkv -> ffmpeg error code: -11
nice -n 8 ffmpeg -i "/share/Download/[HorribleSubs] Bubuki Buranki - 06 [720p].mkv" -map 0:0 -vcodec copy -map 0:1 -acodec copy -map 0:2 -scodec mov_text -map_metadata -1 "/share/Public/3838.mp4"
/share/Download/[HorribleSubs] Bubuki Buranki - 06 [720p].mkv -> ffmpeg error code: -11
nice -n 8 ffmpeg -i "/share/Download/[HorribleSubs] Bubuki Buranki - 06 [720p].mkv" -map 0:0 -map 0:1 -profile main -level 3.1 -map 0:2 -scodec mov_text -map_metadata -1 "/share/Public/4499.mp4"
/share/Download/[HorribleSubs] Bubuki Buranki - 07 [720p].mkv -> ffmpeg error code: -11
nice -n 8 ffmpeg -i "/share/Download/[HorribleSubs] Bubuki Buranki - 07 [720p].mkv" -map 0:0 -vcodec copy -map 0:1 -acodec copy -map 0:2 -scodec mov_text -map_metadata -1 "/share/Public/132.mp4"
/share/Download/[HorribleSubs] Bubuki Buranki - 07 [720p].mkv -> ffmpeg error code: -11
nice -n 8 ffmpeg -i "/share/Download/[HorribleSubs] Bubuki Buranki - 07 [720p].mkv" -map 0:0 -map 0:1 -profile main -level 3.1 -map 0:2 -scodec mov_text -map_metadata -1 "/share/Public/1124.mp4"
/share/Download/[HorribleSubs] Bubuki Buranki - 08 [720p].mkv -> ffmpeg error code: -11
nice -n 8 ffmpeg -i "/share/Download/[HorribleSubs] Bubuki Buranki - 08 [720p].mkv" -map 0:0 -vcodec copy -map 0:1 -acodec copy -map 0:2 -scodec mov_text -map_metadata -1 "/share/Public/3754.mp4"
/share/Download/[HorribleSubs] Bubuki Buranki - 08 [720p].mkv -> ffmpeg error code: -11
nice -n 8 ffmpeg -i "/share/Download/[HorribleSubs] Bubuki Buranki - 08 [720p].mkv" -map 0:0 -map 0:1 -profile main -level 3.1 -map 0:2 -scodec mov_text -map_metadata -1 "/share/Public/1154.mp4"
/share/Download/[HorribleSubs] Bubuki Buranki - 09 [720p].mkv -> ffmpeg error code: -11
nice -n 8 ffmpeg -i "/share/Download/[HorribleSubs] Bubuki Buranki - 09 [720p].mkv" -map 0:0 -vcodec copy -map 0:1 -acodec copy -map 0:2 -scodec mov_text -map_metadata -1 "/share/Public/1672.mp4"
/share/Download/[HorribleSubs] Bubuki Buranki - 09 [720p].mkv -> ffmpeg error code: -11
nice -n 8 ffmpeg -i "/share/Download/[HorribleSubs] Bubuki Buranki - 09 [720p].mkv" -map 0:0 -map 0:1 -profile main -level 3.1 -map 0:2 -scodec mov_text -map_metadata -1 "/share/Public/2406.mp4"
/share/Download/[HorribleSubs] Bubuki Buranki - 09 [720p].mkv -> ffmpeg error code: -11
nice -n 8 ffmpeg -i "/share/Download/[HorribleSubs] Bubuki Buranki - 09 [720p].mkv" -map 0:0 -vcodec copy -map 0:1 -acodec copy -map 0:2 -scodec mov_text -map_metadata -1 "/share/Public/2070.mp4"
/share/Download/[HorribleSubs] Sekai Seifuku - Bouryaku no Zvezda - 03 [720p].mkv -> ffmpeg error code: 1
nice -n 8 ffmpeg -i "/share/Download/[HorribleSubs] Sekai Seifuku - Bouryaku no Zvezda - 03 [720p].mkv" -map 0:0 -vcodec copy -map 0:1 -acodec copy -map 0:2 -scodec mov_text -map_metadata -1 "/share/Public/1561.mp4"
/share/Download/[HorribleSubs] Sekai Seifuku - Bouryaku no Zvezda - 03 [720p].mkv -> ffmpeg error code: 1
nice -n 8 ffmpeg -i "/share/Download/[HorribleSubs] Sekai Seifuku - Bouryaku no Zvezda - 03 [720p].mkv" -map 0:0 -map 0:1 -profile main -level 3.1 -map 0:2 -scodec mov_text -map_metadata -1 "/share/Public/2918.mp4"
/share/Download/[HorribleSubs] Sekai Seifuku - Bouryaku no Zvezda - 10 [720p].mkv -> ffmpeg error code: -11
nice -n 8 ffmpeg -i "/share/Download/[HorribleSubs] Sekai Seifuku - Bouryaku no Zvezda - 10 [720p].mkv" -map 0:0 -vcodec copy -map 0:1 -acodec copy -map 0:2 -scodec mov_text -map_metadata -1 "/share/Public/1867.mp4"
/share/Download/[HorribleSubs] Sekai Seifuku - Bouryaku no Zvezda - 10 [720p].mkv -> ffmpeg error code: -11
nice -n 8 ffmpeg -i "/share/Download/[HorribleSubs] Sekai Seifuku - Bouryaku no Zvezda - 10 [720p].mkv" -map 0:0 -map 0:1 -profile main -level 3.1 -map 0:2 -scodec mov_text -map_metadata -1 "/share/Public/603.mp4"
/share/Download/[HorribleSubs] Haiyore! Nyaruko-san - 04 [720p].mkv -> ffmpeg error code: -11
nice -n 8 ffmpeg -i "/share/Download/[HorribleSubs] Haiyore! Nyaruko-san - 04 [720p].mkv" -map 0:0 -vcodec copy -map 0:1 -acodec copy -map 0:2 -scodec mov_text -map_metadata -1 "/share/Public/963.mp4"
/share/Download/[HorribleSubs] Haiyore! Nyaruko-san - 04 [720p].mkv -> ffmpeg error code: -11
nice -n 8 ffmpeg -i "/share/Download/[HorribleSubs] Haiyore! Nyaruko-san - 04 [720p].mkv" -map 0:0 -map 0:1 -profile main -level 3.1 -map 0:2 -scodec mov_text -map_metadata -1 "/share/Public/1570.mp4"
/share/Download/[HorribleSubs] Sekai Seifuku - Bouryaku no Zvezda - 03 [720p].mkv -> ffmpeg error code: 1
nice -n 8 ffmpeg -i "/share/Download/[HorribleSubs] Sekai Seifuku - Bouryaku no Zvezda - 03 [720p].mkv" -map 0:0 -vcodec copy -map 0:1 -acodec copy -map 0:2 -scodec mov_text -map_metadata -1 "/share/Public/250.mp4"
/share/Download/[HorribleSubs] Sekai Seifuku - Bouryaku no Zvezda - 03 [720p].mkv -> ffmpeg error code: 1
nice -n 8 ffmpeg -i "/share/Download/[HorribleSubs] Sekai Seifuku - Bouryaku no Zvezda - 03 [720p].mkv" -map 0:0 -map 0:1 -profile main -level 3.1 -map 0:2 -scodec mov_text -map_metadata -1 "/share/Public/1256.mp4"
/share/Download/[HorribleSubs] Sekai Seifuku - Bouryaku no Zvezda - 10 [720p].mkv -> ffmpeg error code: -11
nice -n 8 ffmpeg -i "/share/Download/[HorribleSubs] Sekai Seifuku - Bouryaku no Zvezda - 10 [720p].mkv" -map 0:0 -vcodec copy -map 0:1 -acodec copy -map 0:2 -scodec mov_text -map_metadata -1 "/share/Public/3081.mp4"
/share/Download/[HorribleSubs] Haiyore! Nyaruko-san - 04 [720p].mkv -> ffmpeg error code: -11
nice -n 8 ffmpeg -i "/share/Download/[HorribleSubs] Haiyore! Nyaruko-san - 04 [720p].mkv" -map 0:0 -vcodec copy -map 0:1 -acodec copy -map 0:2 -scodec mov_text -map_metadata -1 "/share/Public/2170.mp4"
/share/Download/[HorribleSubs] Haiyore! Nyaruko-san - 04 [720p].mkv -> ffmpeg error code: -11
nice -n 8 ffmpeg -i "/share/Download/[HorribleSubs] Haiyore! Nyaruko-san - 04 [720p].mkv" -map 0:0 -map 0:1 -profile main -level 3.1 -map 0:2 -scodec mov_text -map_metadata -1 "/share/Public/4958.mp4"
/share/Download/[HorribleSubs] Sekai Seifuku - Bouryaku no Zvezda - 03 [720p].mkv -> ffmpeg error code: 1
nice -n 8 ffmpeg -i "/share/Download/[HorribleSubs] Sekai Seifuku - Bouryaku no Zvezda - 03 [720p].mkv" -map 0:0 -vcodec copy -map 0:1 -acodec copy -map 0:2 -scodec mov_text -map_metadata -1 "/share/Public/251.mp4"
/share/Download/[HorribleSubs] Sekai Seifuku - Bouryaku no Zvezda - 03 [720p].mkv -> ffmpeg error code: 1
nice -n 8 ffmpeg -i "/share/Download/[HorribleSubs] Sekai Seifuku - Bouryaku no Zvezda - 03 [720p].mkv" -map 0:0 -map 0:1 -profile main -level 3.1 -map 0:2 -scodec mov_text -map_metadata -1 "/share/Public/4370.mp4"
/share/Download/[HorribleSubs] Sekai Seifuku - Bouryaku no Zvezda - 10 [720p].mkv -> ffmpeg error code: -11
nice -n 8 ffmpeg -i "/share/Download/[HorribleSubs] Sekai Seifuku - Bouryaku no Zvezda - 10 [720p].mkv" -map 0:0 -vcodec copy -map 0:1 -acodec copy -map 0:2 -scodec mov_text -map_metadata -1 "/share/Public/2025.mp4"
/share/Download/[HorribleSubs] Sekai Seifuku - Bouryaku no Zvezda - 10 [720p].mkv -> ffmpeg error code: -11
nice -n 8 ffmpeg -i "/share/Download/[HorribleSubs] Sekai Seifuku - Bouryaku no Zvezda - 10 [720p].mkv" -map 0:0 -map 0:1 -profile main -level 3.1 -map 0:2 -scodec mov_text -map_metadata -1 "/share/Public/2363.mp4"
/share/Download/[HorribleSubs] Haiyore! Nyaruko-san - 04 [720p].mkv -> ffmpeg error code: -11
nice -n 8 ffmpeg -i "/share/Download/[HorribleSubs] Haiyore! Nyaruko-san - 04 [720p].mkv" -map 0:0 -vcodec copy -map 0:1 -acodec copy -map 0:2 -scodec mov_text -map_metadata -1 "/share/Public/3233.mp4"
/share/Download/[HorribleSubs] Haiyore! Nyaruko-san - 04 [720p].mkv -> ffmpeg error code: -11
nice -n 8 ffmpeg -i "/share/Download/[HorribleSubs] Haiyore! Nyaruko-san - 04 [720p].mkv" -map 0:0 -map 0:1 -profile main -level 3.1 -map 0:2 -scodec mov_text -map_metadata -1 "/share/Public/773.mp4"
/share/Download/[HorribleSubs] Sekai Seifuku - Bouryaku no Zvezda - 03 [720p].mkv -> ffmpeg error code: 1
nice -n 8 ffmpeg -i "/share/Download/[HorribleSubs] Sekai Seifuku - Bouryaku no Zvezda - 03 [720p].mkv" -map 0:0 -vcodec copy -map 0:1 -acodec copy -map 0:2 -scodec mov_text -map_metadata -1 "/share/Public/3018.mp4"
/share/Download/[HorribleSubs] Sekai Seifuku - Bouryaku no Zvezda - 03 [720p].mkv -> ffmpeg error code: 1
nice -n 8 ffmpeg -i "/share/Download/[HorribleSubs] Sekai Seifuku - Bouryaku no Zvezda - 03 [720p].mkv" -map 0:0 -map 0:1 -profile main -level 3.1 -map 0:2 -scodec mov_text -map_metadata -1 "/share/Public/3250.mp4"
/share/Download/[HorribleSubs] Sekai Seifuku - Bouryaku no Zvezda - 10 [720p].mkv -> ffmpeg error code: -11
nice -n 8 ffmpeg -i "/share/Download/[HorribleSubs] Sekai Seifuku - Bouryaku no Zvezda - 10 [720p].mkv" -map 0:0 -vcodec copy -map 0:1 -acodec copy -map 0:2 -scodec mov_text -map_metadata -1 "/share/Public/2663.mp4"
/share/Download/[HorribleSubs] Sekai Seifuku - Bouryaku no Zvezda - 10 [720p].mkv -> ffmpeg error code: -11
nice -n 8 ffmpeg -i "/share/Download/[HorribleSubs] Sekai Seifuku - Bouryaku no Zvezda - 10 [720p].mkv" -map 0:0 -map 0:1 -profile main -level 3.1 -map 0:2 -scodec mov_text -map_metadata -1 "/share/Public/4851.mp4"
/share/Download/[HorribleSubs] Haiyore! Nyaruko-san - 04 [720p].mkv -> ffmpeg error code: -11
nice -n 8 ffmpeg -i "/share/Download/[HorribleSubs] Haiyore! Nyaruko-san - 04 [720p].mkv" -map 0:0 -vcodec copy -map 0:1 -acodec copy -map 0:2 -scodec mov_text -map_metadata -1 "/share/Public/3276.mp4"
/share/Download/[HorribleSubs] Haiyore! Nyaruko-san - 04 [720p].mkv -> ffmpeg error code: -11
nice -n 8 ffmpeg -i "/share/Download/[HorribleSubs] Haiyore! Nyaruko-san - 04 [720p].mkv" -map 0:0 -map 0:1 -profile main -level 3.1 -map 0:2 -scodec mov_text -map_metadata -1 "/share/Public/2058.mp4"
/share/Download/[HorribleSubs] Sekai Seifuku - Bouryaku no Zvezda - 03 [720p].mkv -> ffmpeg error code: 1
nice -n 8 ffmpeg -i "/share/Download/[HorribleSubs] Sekai Seifuku - Bouryaku no Zvezda - 03 [720p].mkv" -map 0:0 -vcodec copy -map 0:1 -acodec copy -map 0:2 -scodec mov_text -map_metadata -1 "/share/Public/2691.mp4"
/share/Download/[HorribleSubs] Sekai Seifuku - Bouryaku no Zvezda - 03 [720p].mkv -> ffmpeg error code: 1
nice -n 8 ffmpeg -i "/share/Download/[HorribleSubs] Sekai Seifuku - Bouryaku no Zvezda - 03 [720p].mkv" -map 0:0 -map 0:1 -profile main -level 3.1 -map 0:2 -scodec mov_text -map_metadata -1 "/share/Public/3600.mp4"
/share/Download/[HorribleSubs] Sekai Seifuku - Bouryaku no Zvezda - 10 [720p].mkv -> ffmpeg error code: -11
nice -n 8 ffmpeg -i "/share/Download/[HorribleSubs] Sekai Seifuku - Bouryaku no Zvezda - 10 [720p].mkv" -map 0:0 -vcodec copy -map 0:1 -acodec copy -map 0:2 -scodec mov_text -map_metadata -1 "/share/Public/2246.mp4"
/share/Download/[HorribleSubs] Sekai Seifuku - Bouryaku no Zvezda - 10 [720p].mkv -> ffmpeg error code: -11
nice -n 8 ffmpeg -i "/share/Download/[HorribleSubs] Sekai Seifuku - Bouryaku no Zvezda - 10 [720p].mkv" -map 0:0 -map 0:1 -profile main -level 3.1 -map 0:2 -scodec mov_text -map_metadata -1 "/share/Public/1435.mp4"
/share/Download/[HorribleSubs] Haiyore! Nyaruko-san - 04 [720p].mkv -> ffmpeg error code: -11
nice -n 8 ffmpeg -i "/share/Download/[HorribleSubs] Haiyore! Nyaruko-san - 04 [720p].mkv" -map 0:0 -vcodec copy -map 0:1 -acodec copy -map 0:2 -scodec mov_text -map_metadata -1 "/share/Public/332.mp4"
/share/Download/[HorribleSubs] Haiyore! Nyaruko-san - 04 [720p].mkv -> ffmpeg error code: -11
nice -n 8 ffmpeg -i "/share/Download/[HorribleSubs] Haiyore! Nyaruko-san - 04 [720p].mkv" -map 0:0 -map 0:1 -profile main -level 3.1 -map 0:2 -scodec mov_text -map_metadata -1 "/share/Public/1265.mp4"
/share/Download/[HorribleSubs] Sekai Seifuku - Bouryaku no Zvezda - 03 [720p].mkv -> ffmpeg error code: 1
nice -n 8 ffmpeg -i "/share/Download/[HorribleSubs] Sekai Seifuku - Bouryaku no Zvezda - 03 [720p].mkv" -map 0:0 -vcodec copy -map 0:1 -acodec copy -map 0:2 -scodec mov_text -map_metadata -1 "/share/Public/307.mp4"
/share/Download/[HorribleSubs] Sekai Seifuku - Bouryaku no Zvezda - 03 [720p].mkv -> ffmpeg error code: 1
nice -n 8 ffmpeg -i "/share/Download/[HorribleSubs] Sekai Seifuku - Bouryaku no Zvezda - 03 [720p].mkv" -map 0:0 -map 0:1 -profile main -level 3.1 -map 0:2 -scodec mov_text -map_metadata -1 "/share/Public/1547.mp4"
/share/Download/[HorribleSubs] Sekai Seifuku - Bouryaku no Zvezda - 10 [720p].mkv -> ffmpeg error code: -11
nice -n 8 ffmpeg -i "/share/Download/[HorribleSubs] Sekai Seifuku - Bouryaku no Zvezda - 10 [720p].mkv" -map 0:0 -vcodec copy -map 0:1 -acodec copy -map 0:2 -scodec mov_text -map_metadata -1 "/share/Public/4878.mp4"
/share/Download/[HorribleSubs] Sekai Seifuku - Bouryaku no Zvezda - 10 [720p].mkv -> ffmpeg error code: -11
nice -n 8 ffmpeg -i "/share/Download/[HorribleSubs] Sekai Seifuku - Bouryaku no Zvezda - 10 [720p].mkv" -map 0:0 -map 0:1 -profile main -level 3.1 -map 0:2 -scodec mov_text -map_metadata -1 "/share/Public/2265.mp4"
/share/Download/[HorribleSubs] Haiyore! Nyaruko-san - 04 [720p].mkv -> ffmpeg error code: -11
nice -n 8 ffmpeg -i "/share/Download/[HorribleSubs] Haiyore! Nyaruko-san - 04 [720p].mkv" -map 0:0 -vcodec copy -map 0:1 -acodec copy -map 0:2 -scodec mov_text -map_metadata -1 "/share/Public/1127.mp4"
/share/Download/[HorribleSubs] Sekai Seifuku - Bouryaku no Zvezda - 03 [720p].mkv -> ffmpeg error code: 1
nice -n 8 ffmpeg -i "/share/Download/[HorribleSubs] Sekai Seifuku - Bouryaku no Zvezda - 03 [720p].mkv" -map 0:0 -vcodec copy -map 0:1 -acodec copy -map 0:2 -scodec mov_text -map_metadata -1 "/share/Public/4087.mp4"
/share/Download/[HorribleSubs] Sekai Seifuku - Bouryaku no Zvezda - 10 [720p].mkv -> ffmpeg error code: -11
nice -n 8 ffmpeg -i "/share/Download/[HorribleSubs] Sekai Seifuku - Bouryaku no Zvezda - 10 [720p].mkv" -map 0:0 -vcodec copy -map 0:1 -acodec copy -map 0:2 -scodec mov_text -map_metadata -1 "/share/Public/2068.mp4"
