    Added: [HorribleSubs] Sekai Seifuku - Bouryaku no Zvezda - 10 [720p].mkv to TV Shows Queue.
    Added: [HorribleSubs] Sekai Seifuku - Bouryaku no Zvezda - 03 [720p].mkv to TV Shows Queue.
    Added: [HorribleSubs] Haiyore! Nyaruko-san - 04 [720p].mkv to TV Shows Queue.
    Added: [HorribleSubs] Assassination Classroom S2 - 18 [720p].mkv to TV Shows Queue.
    Added: [HorribleSubs] Assassination Classroom S2 - 18 [720p].mkv to TV Shows Queue.
    Added: Supergirl.S01E20.720p.HDTV.X264-DIMENSION[ettv].mkv to TV Shows Queue.
    Added: Hawaii.Five-0.2010.S06E20.HDTV.x264-LOL[ettv].mkv to TV Shows Queue.
    Added: Elementary.S04E20.720p.HDTV.X264-DIMENSION[ettv].mkv to TV Shows Queue.
    Added: Billions.S01E12.PROPER.720p.HDTV.x264-BATV[ettv].mkv to TV Shows Queue.
    Added: Game.of.Thrones.S06E01.1080p.HDTV.x264-BATV[ettv].mkv to TV Shows Queue.
    Added: Castle.2009.S08E19.HDTV.x264-KILLERS[ettv].mkv to TV Shows Queue.
    Added: Elementary.S04E21.HDTV.x264-LOL[ettv].mkv to TV Shows Queue.
    Added: Blindspot.S01E20.720p.HDTV.X264-DIMENSION[ettv].mkv to TV Shows Queue.
    Added: Castle.2009.S08E20.PROPER.720p.HDTV.x264-KILLERS[ettv].mkv to TV Shows Queue.
    Added: NCIS.Los.Angeles.S07E24.720p.HDTV.X264-DIMENSION[ettv].mkv to TV Shows Queue.
    Added: Scandal.US.S05E11.WEBRip.XviD-FUM[ettv].avi to TV Shows Queue.
    Added: Scandal.US.S05E12.WEB-DL.XviD-FUM[ettv].avi to TV Shows Queue.
    Added: Scandal.US.S05E09.INTERNAL.720p.HDTV.x264-KILLERS[ettv].mkv to TV Shows Queue.
    Added: Scandal.US.S05E13.WEB-DL.XviD-FUM[ettv].avi to TV Shows Queue.
    Added: Scandal.US.S05E14.WEB-DL.XviD-FUM[ettv].avi to TV Shows Queue.
    Added: Scandal.US.S05E08.INTERNAL.HDTV.XviD-FUM[ettv].avi to TV Shows Queue.
    Added: Scandal.US.S05E17.WEB-DL.XviD-FUM[ettv].avi to TV Shows Queue.
    Added: Scandal.US.S05E18.WEB-DL.XviD-FUM[ettv].avi to TV Shows Queue.
    Added: Scandal.US.S05E04.HDTV.XviD-FUM[ettv].avi to TV Shows Queue.
    Added: The.Blacklist.S03E21.INTERNAL.720p.HDTV.x264-KILLERS[ettv].mkv to TV Shows Queue.
    Added: Blindspot.S01E21.720p.HDTV.X264-DIMENSION[ettv].mkv to TV Shows Queue.
    Added: Person.of.Interest.S05E02.720p.HDTV.X264-DIMENSION[ettv].mkv to TV Shows Queue.
    Added: NCIS.S13E23.720p.HDTV.X264-DIMENSION[ettv].mkv to TV Shows Queue.
    Added: The.Flash.2014.S02E21.720p.HDTV.X264-DIMENSION[ettv].mkv to TV Shows Queue.
    Added: Person.of.Interest.S05E03.720p.HDTV.X264-DIMENSION[ettv].mkv to TV Shows Queue.
    Added: NCIS.New.Orleans.S02E23.720p.HDTV.X264-DIMENSION[ettv].mkv to TV Shows Queue.
    Added: Marvels.Agents.of.S.H.I.E.L.D.S03E20.720p.WEB-DL.x264-FUM[ettv].mkv to TV Shows Queue.
    Added: Hawaii.Five-0.2010.S06E24.720p.HDTV.X264-DIMENSION[ettv].mkv to TV Shows Queue.
    Added: Hawaii.Five-0.2010.S06E25.720p.HDTV.X264-DIMENSION[ettv].mkv to TV Shows Queue.
    Added: Outlander.S02E06.720p.HDTV.X264-DIMENSION[ettv].mkv to TV Shows Queue.
    Added: Game.of.Thrones.S06E04.HDTV.x264-FUM[ettv].mp4 to TV Shows Queue.
    Added: person.of.interest.504.hdtv-lol[ettv].mkv to TV Shows Queue.
    Added: Scandal.US.S05E21.WEB-DL.XviD-FUM[ettv].avi to TV Shows Queue.
    Added: Penny.Dreadful.S03E03.1080p.WEBRip.X264-DEFLATE[ettv].mkv to TV Shows Queue.
    Added: Blindspot.S01E22.720p.HDTV.X264-DIMENSION[ettv].mkv to TV Shows Queue.
    Added: Castle.2009.S08E22.720p.HDTV.X264-DIMENSION[ettv].mkv to TV Shows Queue.
/share/Download/[HorribleSubs] Assassination Classroom S2 - 18 [720p].mkv -> /share/Multimedia/Anime/Assassination Classroom/Season 02/Assassination Classroom - S02E18 - Outcome Time.mp4

/share/Multimedia/Anime/Assassination Classroom/Season 02/Assassination Classroom - S02E18 - Outcome Time.mp4 already exsists, skipping conversion.
/share/Multimedia/TV Shows/Castle (2009)/Season 08/Castle (2009) - S08E19 - Dead Again.mp4 already exsists, skipping conversion.
/share/Multimedia/TV Shows/Elementary/Season 04/Elementary - S04E21 - Ain't Nothing Like the Real Thing.mp4 already exsists, skipping conversion.
/share/Download/Game.of.Thrones.S06E04.HDTV.x264-FUM[ettv]/Game.of.Thrones.S06E04.HDTV.x264-FUM[ettv].mp4 -> /share/Multimedia/TV Shows/Game of Thrones/Season 06/Game of Thrones - S06E04 - Book of the Stranger.mp4

/share/Multimedia/TV Shows/Hawaii Five-O/Season 06/Hawaii Five-O - S06E20 - Murder With A Golden Touch.mp4 already exsists, skipping conversion.
/share/Download/Person.of.Interest.S05E04.HDTV.x264-LOL[ettv]/person.of.interest.504.hdtv-lol[ettv].mkv -> /share/Multimedia/TV Shows/Person of Interest/Season 05/Person of Interest - S05E04 - 6_741.mp4

/share/Multimedia/TV Shows/Billions/Season 01/Billions - S01E12 - The Conversation.mp4 already exsists, skipping conversion.
/share/Multimedia/TV Shows/Blindspot/Season 01/Blindspot - S01E20 - Swift Hardhearted Stone.mp4 already exsists, skipping conversion.
/share/Multimedia/TV Shows/Blindspot/Season 01/Blindspot - S01E21 - Of Whose Uneasy Route.mp4 already exsists, skipping conversion.
/share/Download/Blindspot.S01E22.720p.HDTV.X264-DIMENSION[ettv]/Blindspot.S01E22.720p.HDTV.X264-DIMENSION[ettv].mkv -> /share/Multimedia/TV Shows/Blindspot/Season 01/Blindspot - S01E22 - If Love a Rebel_ Death Will Render.mp4

/share/Multimedia/TV Shows/Castle (2009)/Season 08/Castle (2009) - S08E20 - Much Ado About Murder.mp4 already exsists, skipping conversion.
/share/Download/Castle.2009.S08E22.720p.HDTV.X264-DIMENSION[ettv]/Castle.2009.S08E22.720p.HDTV.X264-DIMENSION[ettv].mkv -> /share/Multimedia/TV Shows/Castle (2009)/Season 08/Castle (2009) - S08E22 - Crossfire.mp4

/share/Multimedia/TV Shows/Elementary/Season 04/Elementary - S04E20 - Art Imitates Art.mp4 already exsists, skipping conversion.
/share/Multimedia/TV Shows/Hawaii Five-O/Season 06/Hawaii Five-O - S06E24 - 30_000 Rooms And I Have The Key.mp4 already exsists, skipping conversion.
/share/Multimedia/TV Shows/NCIS_ Los Angeles/Season 07/NCIS_ Los Angeles - S07E24 - Talion.mp4 already exsists, skipping conversion.
/share/Multimedia/TV Shows/NCIS_ New Orleans/Season 02/NCIS_ New Orleans - S02E23 - The Third Man.mp4 already exsists, skipping conversion.
/share/Multimedia/TV Shows/NCIS/Season 13/NCIS - S13E23 - Dead Letter.mp4 already exsists, skipping conversion.
